<?xml version="1.0" encoding="UTF-8"?>
<!-- Generated by org.testng.reporters.JUnitReportReporter -->
<testsuite skipped="0" hostname="LT-SAT00015" name="com.visionworks.step_definitions.VWaccountSettingsStepDefs" tests="1" failures="0" timestamp="06 Nov 2018 16:39:54 GMT" time="0.003" errors="0">
  <testcase name="simpleForm" time="0.003" classname="com.visionworks.step_definitions.VWaccountSettingsStepDefs"/>
</testsuite> <!-- com.visionworks.step_definitions.VWaccountSettingsStepDefs -->
